{
  "RSpec": {
    "coverage": {
      "/Users/aimanwahid/tech-test/Bank/spec/bankaccount_spec.rb": [
        1,
        null,
        1,
        1,
        1,
        null,
        null,
        1,
        2,
        null,
        1,
        4,
        null,
        null,
        1,
        1,
        1,
        1,
        1,
        1,
        1,
        1,
        null,
        null,
        null,
        1,
        2,
        null,
        1,
        4,
        null,
        null,
        1,
        1,
        1,
        1,
        1,
        1,
        1,
        null,
        null,
        null
      ],
      "/Users/aimanwahid/tech-test/Bank/lib/bankaccount.rb": [
        null,
        1,
        1,
        null,
        1,
        7,
        7,
        7,
        7,
        null,
        null,
        1,
        3,
        3,
        null,
        null,
        1,
        2,
        2,
        null,
        null,
        1,
        2,
        2,
        2,
        5,
        null,
        null,
        null,
        null
      ]
    },
    "timestamp": 1541501036
  }
}
