{
  "RSpec": {
    "coverage": {
      "/Users/aimanwahid/tech-test/Bankapp/spec/features/deposits_get_added_to_statement_spec.rb": [
        1,
        null,
        1,
        1,
        1,
        1,
        0,
        0,
        0,
        null,
        null
      ],
      "/Users/aimanwahid/tech-test/Bankapp/lib/atm.rb": [
        1,
        null,
        1,
        null,
        1,
        6,
        6,
        6,
        null,
        null,
        null,
        1,
        1,
        null,
        null,
        null,
        null,
        1,
        3,
        null,
        0,
        null,
        null,
        null,
        1,
        0,
        0,
        0,
        0,
        null,
        null,
        null,
        null,
        null
      ],
      "/Users/aimanwahid/tech-test/Bankapp/lib/user.rb": [
        1,
        null,
        1,
        1,
        6,
        6,
        null,
        null,
        1,
        null,
        1,
        3,
        3,
        null,
        null,
        1,
        1,
        1,
        null,
        null,
        1,
        0,
        null,
        null
      ],
      "/Users/aimanwahid/tech-test/Bankapp/spec/features/withdrawals_get_added_to_statement_spec.rb": [
        1,
        null,
        1,
        1,
        1,
        1,
        0,
        0,
        0,
        0,
        null,
        null
      ],
      "/Users/aimanwahid/tech-test/Bankapp/spec/unit/user_spec.rb": [
        1,
        null,
        1,
        null,
        null,
        null,
        null,
        null,
        1,
        null,
        2,
        null,
        1,
        3,
        null,
        null,
        null,
        1,
        2,
        null,
        1,
        3,
        null,
        null,
        null,
        null
      ]
    },
    "timestamp": 1541869875
  }
}
